Arguments: 
  D:\программы\nodejs\node.exe C:\Users\Mr.Geek\AppData\Roaming\npm\node_modules\yarn\bin\yarn.js init

PATH: 
  C:\Python38\Scripts\;C:\Python38\;C:\Program Files (x86)\Common Files\Oracle\Java\javapath;C:\WINDOWS\system32;C:\WINDOWS;C:\WINDOWS\System32\Wbem;C:\WINDOWS\System32\WindowsPowerShell\v1.0\;C:\WINDOWS\System32\OpenSSH\;C:\Program Files\dotnet\;D:\программы\Microsoft VS Code\bin;C:\Program Files (x86)\NVIDIA Corporation\PhysX\Common;C:\Program Files\NVIDIA Corporation\NVIDIA NvDLISR;C:\WINDOWS\system32;C:\WINDOWS;C:\WINDOWS\System32\Wbem;C:\WINDOWS\System32\WindowsPowerShell\v1.0\;C:\WINDOWS\System32\OpenSSH\;D:\программы\nodejs\;C:\ProgramData\chocolatey\bin;D:\программы\Git\cmd;C:\Users\Mr.Geek\AppData\Local\Microsoft\WindowsApps;D:\программы\Microsoft VS Code\bin;D:\Program Files\Java\jre1.8.0_171\bin;D:\Program Files\Java\jdk1.8.0_171\bin;C:\Users\Mr.Geek\AppData\Local\GitHubDesktop\bin;D:\программы\GitHubDesktop\bin;C:\Users\Mr.Geek\AppData\Local\Microsoft\WindowsApps;C:\Users\Mr.Geek\AppData\Roaming\npm;

Yarn version: 
  1.22.4

Node version: 
  12.16.3

Platform: 
  win32 x64

Trace: 
  Error: canceled
      at Interface.<anonymous> (C:\Users\Mr.Geek\AppData\Roaming\npm\node_modules\yarn\lib\cli.js:137008:13)
      at Interface.emit (events.js:310:20)
      at Interface._ttyWrite (readline.js:893:16)
      at ReadStream.onkeypress (readline.js:198:10)
      at ReadStream.emit (events.js:310:20)
      at emitKeys (internal/readline/utils.js:438:14)
      at emitKeys.next (<anonymous>)
      at ReadStream.onData (readline.js:1160:36)
      at ReadStream.emit (events.js:310:20)
      at addChunk (_stream_readable.js:286:12)

npm manifest: 
  No manifest

yarn manifest: 
  No manifest

Lockfile: 
  No lockfile
